<?xml version="1.0" encoding="UTF-8"?>
<!-- Generated by org.testng.reporters.JUnitReportReporter -->
<testsuite skipped="0" hostname="ArpitaPC" name="TestCases.SeleniumTest" tests="2" failures="0" timestamp="2020-02-16T18:11:59 IST" time="0.001" errors="0">
  <testcase name="test2" time="0.001" classname="TestCases.SeleniumTest"/>
  <system-out/>
  <testcase name="test" time="0.000" classname="TestCases.SeleniumTest"/>
  <system-out/>
</testsuite> <!-- TestCases.SeleniumTest -->
