<?xml version="1.0" encoding="UTF-8"?>
<!-- Generated by org.testng.reporters.JUnitReportReporter -->
<testsuite skipped="0" hostname="ArpitaPC" name="TestCases.javaTest" tests="1" failures="0" timestamp="2020-02-16T18:12:43 IST" time="0.005" errors="0">
  <testcase name="test3" time="0.005" classname="TestCases.javaTest"/>
  <system-out/>
</testsuite> <!-- TestCases.javaTest -->
