<?xml version="1.0" encoding="UTF-8"?>
<!-- Generated by org.testng.reporters.JUnitReportReporter -->
<testsuite skipped="0" hostname="ArpitaPC" name="TestCases.AppTest" tests="1" failures="0" timestamp="2020-02-16T18:11:59 IST" time="0.001" errors="0">
  <testcase name="testApp" time="0.001" classname="TestCases.AppTest"/>
  <system-out/>
</testsuite> <!-- TestCases.AppTest -->
